2026-01-09 12:34:35,549 - INFO - ================================================================================
2026-01-09 12:34:35,550 - INFO - Starting Capitol Trades scraper
2026-01-09 12:34:35,550 - INFO - ================================================================================
2026-01-09 12:34:35,550 - INFO - Configuration:
2026-01-09 12:34:35,550 - INFO -   - RECENT_DAYS: 45
2026-01-09 12:34:35,550 - INFO -   - MIN_TRADE_SIZE: $5,000
2026-01-09 12:34:35,550 - INFO -   - USE_MAX_RANGE: True
2026-01-09 12:34:35,550 - INFO -   - PAGES_TO_SCRAPE: 7
2026-01-09 12:34:35,550 - INFO - ================================================================================
2026-01-09 12:34:43,469 - WARNING - Error sending stats to Plausible: error sending request for url (https://plausible.io/api/event)
2026-01-09 12:34:43,949 - INFO - WebDriver initialized successfully
2026-01-09 12:34:43,950 - INFO - Loaded 0 previously checked trades
2026-01-09 12:34:43,950 - INFO - 
################################################################################
2026-01-09 12:34:43,950 - INFO - Scraping page 1 (1/7)
2026-01-09 12:34:43,950 - INFO - ################################################################################
2026-01-09 12:34:43,950 - INFO - Fetching page 1: https://www.capitoltrades.com/trades
2026-01-09 12:34:49,876 - INFO - Found 12 trades on page 1
2026-01-09 12:34:49,877 - INFO - ✓ Trade 20003794342 matches: David Rouzer - Boeing Co
2026-01-09 12:34:49,878 - INFO - ✓ Trade 20003794339 matches: Tim Moore - Cracker Barrel Old Country Store Inc
2026-01-09 12:34:49,879 - INFO - ✓ Trade 20003794340 matches: Tim Moore - GENPREX INC
2026-01-09 12:34:49,879 - INFO - ✓ Trade 20003794341 matches: Tim Moore - Harley-Davidson Inc
2026-01-09 12:34:49,880 - INFO - ✓ Trade 20003794332 matches: Byron Donalds - Abbott Laboratories
2026-01-09 12:34:49,880 - INFO - ✓ Trade 20003794333 matches: Byron Donalds - Abbott Laboratories
2026-01-09 12:34:49,881 - INFO - ✓ Trade 20003794334 matches: Byron Donalds - BITCOIN
2026-01-09 12:34:49,881 - INFO - ✓ Trade 20003794335 matches: Byron Donalds - Comfort Systems USA Inc
2026-01-09 12:34:49,881 - INFO - ✓ Trade 20003794336 matches: Byron Donalds - Comfort Systems USA Inc
2026-01-09 12:34:49,882 - INFO - ✓ Trade 10000064377 matches: Gary Peters - Intel Corp
2026-01-09 12:34:49,882 - INFO - Page 1 complete: Found 10 matching trades
2026-01-09 12:34:51,888 - INFO - 
################################################################################
2026-01-09 12:34:51,888 - INFO - Scraping page 2 (2/7)
2026-01-09 12:34:51,888 - INFO - ################################################################################
2026-01-09 12:34:51,888 - INFO - Fetching page 2: https://www.capitoltrades.com/trades?page=2
2026-01-09 12:34:55,926 - INFO - Found 12 trades on page 2
2026-01-09 12:34:55,927 - INFO - ✓ Trade 20003794332 matches: Byron Donalds - Abbott Laboratories
2026-01-09 12:34:55,928 - INFO - ✓ Trade 20003794333 matches: Byron Donalds - Abbott Laboratories
2026-01-09 12:34:55,928 - INFO - ✓ Trade 20003794334 matches: Byron Donalds - BITCOIN
2026-01-09 12:34:55,929 - INFO - ✓ Trade 20003794335 matches: Byron Donalds - Comfort Systems USA Inc
2026-01-09 12:34:55,930 - INFO - ✓ Trade 20003794336 matches: Byron Donalds - Comfort Systems USA Inc
2026-01-09 12:34:55,930 - INFO - ✓ Trade 10000064377 matches: Gary Peters - Intel Corp
2026-01-09 12:34:55,931 - INFO - ✓ Trade 10000064378 matches: Gary Peters - Verizon Communications Inc
2026-01-09 12:34:55,932 - INFO - ✓ Trade 10000064375 matches: John Hickenlooper - Formula One Group - The Liberty Media Group
2026-01-09 12:34:55,933 - INFO - ✓ Trade 10000064376 matches: John Hickenlooper - Formula One Group - The Liberty Media Group
2026-01-09 12:34:55,933 - INFO - ✓ Trade 10000064374 matches: John Fetterman - Steel Dynamics Inc
2026-01-09 12:34:55,933 - INFO - Page 2 complete: Found 10 matching trades
2026-01-09 12:34:57,940 - INFO - 
################################################################################
2026-01-09 12:34:57,940 - INFO - Scraping page 3 (3/7)
2026-01-09 12:34:57,940 - INFO - ################################################################################
2026-01-09 12:34:57,940 - INFO - Fetching page 3: https://www.capitoltrades.com/trades?page=3
2026-01-09 12:35:01,874 - INFO - Found 12 trades on page 3
2026-01-09 12:35:01,876 - INFO - ✓ Trade 10000064372 matches: Lindsey Graham - iShares iBonds Dec 2025 Term Corporate ETF
2026-01-09 12:35:01,876 - INFO - ✓ Trade 10000064365 matches: Shelley Moore Capito - Kellogg Co
2026-01-09 12:35:01,877 - INFO - ✓ Trade 10000064366 matches: Shelley Moore Capito - Microsoft Corp
2026-01-09 12:35:01,877 - INFO - ✓ Trade 10000064367 matches: Shelley Moore Capito - Apple Inc
2026-01-09 12:35:01,877 - INFO - ✓ Trade 10000064368 matches: Shelley Moore Capito - Alphabet Inc
2026-01-09 12:35:01,878 - INFO - ✓ Trade 20003794313 matches: April McClain Delaney - Bio-Techne Corp
2026-01-09 12:35:01,878 - INFO - ✓ Trade 20003794314 matches: April McClain Delaney - Bio-Techne Corp
2026-01-09 12:35:01,878 - INFO - ✓ Trade 20003794315 matches: April McClain Delaney - Brown & Brown Inc
2026-01-09 12:35:01,878 - INFO - Page 3 complete: Found 8 matching trades
2026-01-09 12:35:03,884 - INFO - 
################################################################################
2026-01-09 12:35:03,884 - INFO - Scraping page 4 (4/7)
2026-01-09 12:35:03,884 - INFO - ################################################################################
2026-01-09 12:35:03,884 - INFO - Fetching page 4: https://www.capitoltrades.com/trades?page=4
2026-01-09 12:35:07,669 - INFO - Found 12 trades on page 4
2026-01-09 12:35:07,670 - INFO - ✓ Trade 20003794316 matches: April McClain Delaney - Brown & Brown Inc
2026-01-09 12:35:07,671 - INFO - ✓ Trade 20003794317 matches: April McClain Delaney - CDW Corp
2026-01-09 12:35:07,672 - INFO - ✓ Trade 20003794318 matches: April McClain Delaney - CDW Corp
2026-01-09 12:35:07,672 - INFO - ✓ Trade 20003794319 matches: April McClain Delaney - Clean Harbors Inc
2026-01-09 12:35:07,673 - INFO - ✓ Trade 20003794320 matches: April McClain Delaney - IDEXX Laboratories Inc
2026-01-09 12:35:07,673 - INFO - ✓ Trade 20003794321 matches: April McClain Delaney - Live Nation Entertainment Inc
2026-01-09 12:35:07,674 - INFO - ✓ Trade 20003794322 matches: April McClain Delaney - Martin Marietta Materials Inc
2026-01-09 12:35:07,674 - INFO - ✓ Trade 20003794323 matches: April McClain Delaney - PTC Inc
2026-01-09 12:35:07,675 - INFO - ✓ Trade 20003794324 matches: April McClain Delaney - PTC Inc
2026-01-09 12:35:07,675 - INFO - ✓ Trade 20003794325 matches: April McClain Delaney - Quanta Services Inc
2026-01-09 12:35:07,676 - INFO - ✓ Trade 20003794326 matches: April McClain Delaney - Teledyne Technologies Inc
2026-01-09 12:35:07,676 - INFO - ✓ Trade 20003794327 matches: April McClain Delaney - Tractor Supply Co
2026-01-09 12:35:07,677 - INFO - Page 4 complete: Found 12 matching trades
2026-01-09 12:35:09,685 - INFO - 
################################################################################
2026-01-09 12:35:09,685 - INFO - Scraping page 5 (5/7)
2026-01-09 12:35:09,685 - INFO - ################################################################################
2026-01-09 12:35:09,685 - INFO - Fetching page 5: https://www.capitoltrades.com/trades?page=5
2026-01-09 12:35:13,376 - INFO - Found 12 trades on page 5
2026-01-09 12:35:13,376 - INFO - ✓ Trade 20003794328 matches: April McClain Delaney - Tractor Supply Co
2026-01-09 12:35:13,377 - INFO - ✓ Trade 20003794329 matches: Virginia Foxx - ELLINGTON FINANCIAL INC
2026-01-09 12:35:13,377 - INFO - ✓ Trade 20003794302 matches: Lloyd Doggett - The Coca-Cola Co
2026-01-09 12:35:13,378 - INFO - ✓ Trade 20003794303 matches: Lloyd Doggett - The Home Depot Inc
2026-01-09 12:35:13,379 - INFO - ✓ Trade 20003794304 matches: Lloyd Doggett - International Business Machines Corp
2026-01-09 12:35:13,379 - INFO - ✓ Trade 20003794305 matches: Lloyd Doggett - Johnson & Johnson
2026-01-09 12:35:13,380 - INFO - ✓ Trade 20003794306 matches: Lloyd Doggett - PPG Industries Inc
2026-01-09 12:35:13,382 - INFO - Page 5 complete: Found 7 matching trades
2026-01-09 12:35:15,390 - INFO - 
################################################################################
2026-01-09 12:35:15,390 - INFO - Scraping page 6 (6/7)
2026-01-09 12:35:15,390 - INFO - ################################################################################
2026-01-09 12:35:15,390 - INFO - Fetching page 6: https://www.capitoltrades.com/trades?page=6
2026-01-09 12:35:19,077 - INFO - Found 12 trades on page 6
2026-01-09 12:35:19,079 - INFO - ✓ Trade 20003794297 matches: Jefferson Shreve - JPMorgan Chase & Co
2026-01-09 12:35:19,079 - INFO - ✓ Trade 20003794298 matches: Jefferson Shreve - Prudential Financial Inc
2026-01-09 12:35:19,080 - INFO - ✓ Trade 20003794296 matches: Jefferson Shreve - Prudential PLC
2026-01-09 12:35:19,080 - INFO - ✓ Trade 20003794287 matches: Josh Gottheimer - BHP Group Ltd
2026-01-09 12:35:19,080 - INFO - ✓ Trade 20003794288 matches: Josh Gottheimer - CSW INDUSTRIALS INC
2026-01-09 12:35:19,081 - INFO - ✓ Trade 20003794289 matches: Josh Gottheimer - Dassault Systemes SA
2026-01-09 12:35:19,081 - INFO - ✓ Trade 20003794290 matches: Josh Gottheimer - Edwards Lifesciences Corp
2026-01-09 12:35:19,081 - INFO - Page 6 complete: Found 7 matching trades
2026-01-09 12:35:21,086 - INFO - 
################################################################################
2026-01-09 12:35:21,087 - INFO - Scraping page 7 (7/7)
2026-01-09 12:35:21,087 - INFO - ################################################################################
2026-01-09 12:35:21,087 - INFO - Fetching page 7: https://www.capitoltrades.com/trades?page=7
2026-01-09 12:35:24,863 - INFO - Found 12 trades on page 7
2026-01-09 12:35:24,864 - INFO - ✓ Trade 20003794291 matches: Josh Gottheimer - Fidelity National Information Services Inc
2026-01-09 12:35:24,864 - INFO - ✓ Trade 20003794292 matches: Josh Gottheimer - The Home Depot Inc
2026-01-09 12:35:24,864 - INFO - ✓ Trade 20003794293 matches: Josh Gottheimer - HubSpot Inc
2026-01-09 12:35:24,865 - INFO - ✓ Trade 20003794294 matches: Josh Gottheimer - KKR & Co Inc
2026-01-09 12:35:24,866 - INFO - ✓ Trade 10000064357 matches: Dave McCormick - BITWISE BITCOIN ETF
2026-01-09 12:35:24,866 - INFO - Page 7 complete: Found 5 matching trades
2026-01-09 12:35:24,867 - INFO - 
================================================================================
2026-01-09 12:35:24,867 - INFO - SCRAPING COMPLETE
2026-01-09 12:35:24,867 - INFO - Total pages scraped: 7
2026-01-09 12:35:24,867 - INFO - Total matching trades found: 59
2026-01-09 12:35:24,867 - INFO - ================================================================================
2026-01-09 12:35:24,975 - INFO - WebDriver closed
2026-01-09 12:35:24,981 - INFO - Results saved to filtered_trades_20260109_123524.txt
